<?xml version="1.0" encoding="UTF-8"?>
<!-- Generated by org.testng.reporters.JUnitReportReporter -->
<testsuite hostname="DESKTOP-K3537LT" failures="0" tests="1" name="com.framework.tests.LoginTest" time="27.258" errors="0" timestamp="2024-02-26T11:57:34 IST" skipped="0">
  <testcase classname="com.framework.tests.LoginTest" name="loginTestCase" time="27.258"/>
  <system-out/>
</testsuite> <!-- com.framework.tests.LoginTest -->
