<?xml version="1.0" encoding="UTF-8"?>
<!-- Generated by org.testng.reporters.JUnitReportReporter -->
<testsuite hostname="DESKTOP-U691P5C" failures="0" tests="1" name="com.project.tests.LoginTest" time="30.330" errors="0" timestamp="2024-02-27T11:58:57 IST" skipped="0">
  <testcase classname="com.project.tests.LoginTest" name="loginTestCase" time="30.330"/>
  <system-out/>
</testsuite> <!-- com.project.tests.LoginTest -->
